# JRE version: Java(TM) SE Runtime Environment (8.0_40-b26) (build 1.8.0_40-b26)
# Java VM: Java HotSpot(TM) 64-Bit Server VM (25.40-b25 mixed mode windows-amd64 compressed oops)
Heap:
 PSYoungGen      total 205312K, used 88775K [0x00000000eab00000, 0x00000000fa380000, 0x0000000100000000)
  eden space 169472K, 40% used [0x00000000eab00000,0x00000000eeeae8e8,0x00000000f5080000)
  from space 35840K, 54% used [0x00000000f7300000,0x00000000f8603610,0x00000000f9600000)
  to   space 35328K, 0% used [0x00000000f5080000,0x00000000f5080000,0x00000000f7300000)
 ParOldGen       total 106496K, used 75167K [0x00000000c0000000, 0x00000000c6800000, 0x00000000eab00000)
  object space 106496K, 70% used [0x00000000c0000000,0x00000000c4967e28,0x00000000c6800000)
 Metaspace       used 72048K, capacity 75836K, committed 75904K, reserved 1114112K
  class space    used 10120K, capacity 11865K, committed 11904K, reserved 1048576K
GC Heap History (10 events):
Event: 148.230 GC heap before
{Heap before GC invocations=14 (full 3):
 PSYoungGen      total 158208K, used 155331K [0x00000000eab00000, 0x00000000f7b00000, 0x0000000100000000)
  eden space 137728K, 100% used [0x00000000eab00000,0x00000000f3180000,0x00000000f3180000)
  from space 20480K, 85% used [0x00000000f4700000,0x00000000f5830c88,0x00000000f5b00000)
  to   space 22016K, 0% used [0x00000000f3180000,0x00000000f3180000,0x00000000f4700000)
 ParOldGen       total 106496K, used 43302K [0x00000000c0000000, 0x00000000c6800000, 0x00000000eab00000)
  object space 106496K, 40% used [0x00000000c0000000,0x00000000c2a49948,0x00000000c6800000)
 Metaspace       used 55491K, capacity 57758K, committed 57984K, reserved 1097728K
  class space    used 7686K, capacity 8734K, committed 8832K, reserved 1048576K
Event: 148.245 GC heap after
Heap after GC invocations=14 (full 3):
 PSYoungGen      total 159744K, used 19201K [0x00000000eab00000, 0x00000000f7880000, 0x0000000100000000)
  eden space 137728K, 0% used [0x00000000eab00000,0x00000000eab00000,0x00000000f3180000)
  from space 22016K, 87% used [0x00000000f3180000,0x00000000f4440668,0x00000000f4700000)
  to   space 24064K, 0% used [0x00000000f6100000,0x00000000f6100000,0x00000000f7880000)
 ParOldGen       total 106496K, used 43310K [0x00000000c0000000, 0x00000000c6800000, 0x00000000eab00000)
  object space 106496K, 40% used [0x00000000c0000000,0x00000000c2a4b948,0x00000000c6800000)
 Metaspace       used 55491K, capacity 57758K, committed 57984K, reserved 1097728K
  class space    used 7686K, capacity 8734K, committed 8832K, reserved 1048576K
}
Event: 149.327 GC heap before
{Heap before GC invocations=15 (full 3):
 PSYoungGen      total 159744K, used 156929K [0x00000000eab00000, 0x00000000f7880000, 0x0000000100000000)
  eden space 137728K, 100% used [0x00000000eab00000,0x00000000f3180000,0x00000000f3180000)
  from space 22016K, 87% used [0x00000000f3180000,0x00000000f4440668,0x00000000f4700000)
  to   space 24064K, 0% used [0x00000000f6100000,0x00000000f6100000,0x00000000f7880000)
 ParOldGen       total 106496K, used 43310K [0x00000000c0000000, 0x00000000c6800000, 0x00000000eab00000)
  object space 106496K, 40% used [0x00000000c0000000,0x00000000c2a4b948,0x00000000c6800000)
 Metaspace       used 62319K, capacity 65128K, committed 65280K, reserved 1103872K
  class space    used 8647K, capacity 9906K, committed 9984K, reserved 1048576K
Event: 149.359 GC heap after
Heap after GC invocations=15 (full 3):
 PSYoungGen      total 178688K, used 24044K [0x00000000eab00000, 0x00000000f8e00000, 0x0000000100000000)
  eden space 154624K, 0% used [0x00000000eab00000,0x00000000eab00000,0x00000000f4200000)
  from space 24064K, 99% used [0x00000000f6100000,0x00000000f787b170,0x00000000f7880000)
  to   space 31744K, 0% used [0x00000000f4200000,0x00000000f4200000,0x00000000f6100000)
 ParOldGen       total 106496K, used 55216K [0x00000000c0000000, 0x00000000c6800000, 0x00000000eab00000)
  object space 106496K, 51% used [0x00000000c0000000,0x00000000c35ec180,0x00000000c6800000)
 Metaspace       used 62319K, capacity 65128K, committed 65280K, reserved 1103872K
  class space    used 8647K, capacity 9906K, committed 9984K, reserved 1048576K
}
Event: 150.025 GC heap before
{Heap before GC invocations=16 (full 3):
 PSYoungGen      total 178688K, used 110829K [0x00000000eab00000, 0x00000000f8e00000, 0x0000000100000000)
  eden space 154624K, 56% used [0x00000000eab00000,0x00000000effc05f8,0x00000000f4200000)
  from space 24064K, 99% used [0x00000000f6100000,0x00000000f787b170,0x00000000f7880000)
  to   space 31744K, 0% used [0x00000000f4200000,0x00000000f4200000,0x00000000f6100000)
 ParOldGen       total 106496K, used 55216K [0x00000000c0000000, 0x00000000c6800000, 0x00000000eab00000)
  object space 106496K, 51% used [0x00000000c0000000,0x00000000c35ec180,0x00000000c6800000)
 Metaspace       used 63869K, capacity 66842K, committed 67200K, reserved 1105920K
  class space    used 8897K, capacity 10259K, committed 10368K, reserved 1048576K
Event: 150.051 GC heap after
Heap after GC invocations=16 (full 3):
 PSYoungGen      total 186368K, used 31206K [0x00000000eab00000, 0x00000000f9600000, 0x0000000100000000)
  eden space 154624K, 0% used [0x00000000eab00000,0x00000000eab00000,0x00000000f4200000)
  from space 31744K, 98% used [0x00000000f4200000,0x00000000f6079890,0x00000000f6100000)
  to   space 35840K, 0% used [0x00000000f7300000,0x00000000f7300000,0x00000000f9600000)
 ParOldGen       total 106496K, used 55224K [0x00000000c0000000, 0x00000000c6800000, 0x00000000eab00000)
  object space 106496K, 51% used [0x00000000c0000000,0x00000000c35ee180,0x00000000c6800000)
 Metaspace       used 63869K, capacity 66842K, committed 67200K, reserved 1105920K
  class space    used 8897K, capacity 10259K, committed 10368K, reserved 1048576K
}
Event: 150.051 GC heap before
{Heap before GC invocations=17 (full 4):
 PSYoungGen      total 186368K, used 31206K [0x00000000eab00000, 0x00000000f9600000, 0x0000000100000000)
  eden space 154624K, 0% used [0x00000000eab00000,0x00000000eab00000,0x00000000f4200000)
  from space 31744K, 98% used [0x00000000f4200000,0x00000000f6079890,0x00000000f6100000)
  to   space 35840K, 0% used [0x00000000f7300000,0x00000000f7300000,0x00000000f9600000)
 ParOldGen       total 106496K, used 55224K [0x00000000c0000000, 0x00000000c6800000, 0x00000000eab00000)
  object space 106496K, 51% used [0x00000000c0000000,0x00000000c35ee180,0x00000000c6800000)
 Metaspace       used 63869K, capacity 66842K, committed 67200K, reserved 1105920K
  class space    used 8897K, capacity 10259K, committed 10368K, reserved 1048576K
Event: 150.517 GC heap after
Heap after GC invocations=17 (full 4):
 PSYoungGen      total 186368K, used 0K [0x00000000eab00000, 0x00000000f9600000, 0x0000000100000000)
  eden space 154624K, 0% used [0x00000000eab00000,0x00000000eab00000,0x00000000f4200000)
  from space 31744K, 0% used [0x00000000f4200000,0x00000000f4200000,0x00000000f6100000)
  to   space 35840K, 0% used [0x00000000f7300000,0x00000000f7300000,0x00000000f9600000)
 ParOldGen       total 106496K, used 75159K [0x00000000c0000000, 0x00000000c6800000, 0x00000000eab00000)
  object space 106496K, 70% used [0x00000000c0000000,0x00000000c4965e28,0x00000000c6800000)
 Metaspace       used 63793K, capacity 66728K, committed 67200K, reserved 1105920K
  class space    used 8886K, capacity 10218K, committed 10368K, reserved 1048576K
}
Event: 177.780 GC heap before
{Heap before GC invocations=18 (full 4):
 PSYoungGen      total 186368K, used 154624K [0x00000000eab00000, 0x00000000f9600000, 0x0000000100000000)
  eden space 154624K, 100% used [0x00000000eab00000,0x00000000f4200000,0x00000000f4200000)
  from space 31744K, 0% used [0x00000000f4200000,0x00000000f4200000,0x00000000f6100000)
  to   space 35840K, 0% used [0x00000000f7300000,0x00000000f7300000,0x00000000f9600000)
 ParOldGen       total 106496K, used 75159K [0x00000000c0000000, 0x00000000c6800000, 0x00000000eab00000)
  object space 106496K, 70% used [0x00000000c0000000,0x00000000c4965e28,0x00000000c6800000)
 Metaspace       used 70681K, capacity 74148K, committed 74496K, reserved 1112064K
  class space    used 9869K, capacity 11411K, committed 11520K, reserved 1048576K
Event: 177.795 GC heap after
Heap after GC invocations=18 (full 4):
 PSYoungGen      total 205312K, used 19469K [0x00000000eab00000, 0x00000000fa380000, 0x0000000100000000)
  eden space 169472K, 0% used [0x00000000eab00000,0x00000000eab00000,0x00000000f5080000)
  from space 35840K, 54% used [0x00000000f7300000,0x00000000f8603610,0x00000000f9600000)
  to   space 35328K, 0% used [0x00000000f5080000,0x00000000f5080000,0x00000000f7300000)
 ParOldGen       total 106496K, used 75167K [0x00000000c0000000, 0x00000000c6800000, 0x00000000eab00000)
  object space 106496K, 70% used [0x00000000c0000000,0x00000000c4967e28,0x00000000c6800000)
 Metaspace       used 70681K, capacity 74148K, committed 74496K, reserved 1112064K
  class space    used 9869K, capacity 11411K, committed 11520K, reserved 1048576K
}

